
18/06/22 02:31:15 127.0.0.1 content:{"username":"big12378","password":"big12378"}result_OBJ:Array
(
    [id_emp] => 1
    [emp_name] => thamaphop Butkote
    [password] => big12378
    [gender] => male
    [image] => 
    [emp_status] => 
)
num:1result:1

18/06/22 02:31:20 127.0.0.1 content:{"username":"big12378","password":""}result_OBJ:Array
(
    [id_emp] => 1
    [emp_name] => thamaphop Butkote
    [password] => big12378
    [gender] => male
    [image] => 
    [emp_status] => 
)
num:1result:0

18/06/22 02:31:25 127.0.0.1 content:{"username":"","password":"big12378"}result_OBJ:num:0result:0

18/06/22 02:31:35 127.0.0.1 content:{"username":"big12378","password":"big12378123"}result_OBJ:Array
(
    [id_emp] => 1
    [emp_name] => thamaphop Butkote
    [password] => big12378
    [gender] => male
    [image] => 
    [emp_status] => 
)
num:1result:0

18/06/22 02:31:45 127.0.0.1 content:{"username":"big12378123","password":"big12378"}result_OBJ:num:0result:0

18/06/22 02:39:31 127.0.0.1 content:{"username":"big12378","password":""}result_OBJ:Array
(
    [id_emp] => 1
    [emp_name] => thamaphop Butkote
    [password] => big12378
    [gender] => male
    [image] => 
    [emp_status] => 
)
num:1result:0

18/06/22 02:40:52 127.0.0.1 content:{"username":"big12378","password":"big12378123"}result_OBJ:Array
(
    [id_emp] => 1
    [emp_name] => thamaphop Butkote
    [password] => big12378
    [gender] => male
    [image] => 
    [emp_status] => 
)
num:1result:0
