
05/07/22 01:06:12 127.0.0.1 content:{"username":"","password":""}result_OBJ:num:0result:0

05/07/22 01:06:32 127.0.0.1 content:{"username":"big12378","password":"big12378"}result_OBJ:Array
(
    [id_emp] => 1
    [emp_name] => thamaphop Butkote
    [password] => big12378
    [gender] => male
    [image] => 
    [emp_status] => 
)
num:1result:1

05/07/22 01:06:37 127.0.0.1 content:{"username":"big12378","password":""}result_OBJ:Array
(
    [id_emp] => 1
    [emp_name] => thamaphop Butkote
    [password] => big12378
    [gender] => male
    [image] => 
    [emp_status] => 
)
num:1result:0

05/07/22 01:06:40 127.0.0.1 content:{"username":"","password":"big12378"}result_OBJ:num:0result:0

05/07/22 01:06:47 127.0.0.1 content:{"username":"big12378","password":"123"}result_OBJ:Array
(
    [id_emp] => 1
    [emp_name] => thamaphop Butkote
    [password] => big12378
    [gender] => male
    [image] => 
    [emp_status] => 
)
num:1result:0

05/07/22 01:06:52 127.0.0.1 content:{"username":"123","password":"big12378"}result_OBJ:num:0result:0
