
26/07/22 00:35:54 127.0.0.1 content:{"username":"","password":""}result_OBJ:num:0result:0

26/07/22 00:36:06 127.0.0.1 content:{"username":"big12378","password":""}result_OBJ:Array
(
    [id_emp] => 1
    [emp_name] => thamaphop Butkote
    [password] => big12378
    [gender] => male
    [image] => 
    [emp_status] => 
)
num:1result:0

26/07/22 00:36:09 127.0.0.1 content:{"username":"","password":"big12378"}result_OBJ:num:0result:0

26/07/22 00:36:13 127.0.0.1 content:{"username":"big12378","password":"16165665"}result_OBJ:Array
(
    [id_emp] => 1
    [emp_name] => thamaphop Butkote
    [password] => big12378
    [gender] => male
    [image] => 
    [emp_status] => 
)
num:1result:0

26/07/22 00:37:15 127.0.0.1 content:{"username":"big12378","password":"big12378"}result_OBJ:Array
(
    [id_emp] => 1
    [emp_name] => thamaphop Butkote
    [password] => big12378
    [gender] => male
    [image] => 
    [emp_status] => 
)
num:1result:1

26/07/22 00:37:25 127.0.0.1 content:{"username":"big12378","password":"56416516"}result_OBJ:Array
(
    [id_emp] => 1
    [emp_name] => thamaphop Butkote
    [password] => big12378
    [gender] => male
    [image] => 
    [emp_status] => 
)
num:1result:0

26/07/22 00:37:37 127.0.0.1 content:{"username":"15616","password":"big12378"}result_OBJ:num:0result:0

26/07/22 00:37:45 127.0.0.1 content:{"username":"56196","password":"156165"}result_OBJ:num:0result:0

26/07/22 00:41:12 127.0.0.1 content:{"username":"thb123","password":""}result_OBJ:num:0result:1

26/07/22 00:41:17 127.0.0.1 content:{"username":"thb123","password":"thb123"}result_OBJ:num:0result:0

26/07/22 00:46:16 127.0.0.1 content:{"username":"thb123","password":""}result_OBJ:num:0result:1

26/07/22 00:46:28 ::1 content:{
    "username":"42752752",
    "password":""
}result_OBJ:num:0result:1

26/07/22 00:46:34 ::1 content:{
    "username":"big111",
    "password":""
}result_OBJ:num:0result:1

26/07/22 00:46:39 ::1 content:{
    "username":"big111",
    "password":"big111"
}result_OBJ:num:0result:0
