
27/07/22 00:20:54 ::1 content:{
    "username":"big111",
    "password":"big111"
}result_OBJ:num:0result:0

27/07/22 00:21:15 ::1 content:{
    "username":"big12378",
    "password":"big12378"
}result_OBJ:Array
(
    [id_emp] => 1
    [username] => big12378
    [emp_name] => thamaphop Butkote
    [password] => big12378
    [gender] => male
    [image] => 
    [emp_status] => 
)
num:1result:1

27/07/22 00:21:31 ::1 content:{
    "username":"",
    "password":""
}result_OBJ:num:0result:0

27/07/22 00:21:37 ::1 content:{
    "username":"big12378",
    "password":""
}result_OBJ:Array
(
    [id_emp] => 1
    [username] => big12378
    [emp_name] => thamaphop Butkote
    [password] => big12378
    [gender] => male
    [image] => 
    [emp_status] => 
)
num:1result:0

27/07/22 00:21:44 ::1 content:{
    "username":"",
    "password":"big12378"
}result_OBJ:num:0result:0

27/07/22 00:21:56 ::1 content:{
    "username":"big12378",
    "password":"2753573"
}result_OBJ:Array
(
    [id_emp] => 1
    [username] => big12378
    [emp_name] => thamaphop Butkote
    [password] => big12378
    [gender] => male
    [image] => 
    [emp_status] => 
)
num:1result:0

27/07/22 00:22:04 ::1 content:{
    "username":"27537537",
    "password":"big12378"
}result_OBJ:num:0result:0

27/07/22 00:22:09 ::1 content:{
    "username":"27537537",
    "password":"753757537"
}result_OBJ:num:0result:0

27/07/22 00:22:14 ::1 content:{
    "username":"27537537",
    "password":""
}result_OBJ:num:0result:0

27/07/22 00:22:20 ::1 content:{
    "username":"",
    "password":"275327537"
}result_OBJ:num:0result:0
