
20/06/22 00:47:44 127.0.0.1 content:{"username":"big12378","password":"big12378"}result_OBJ:Array
(
    [id_emp] => 1
    [emp_name] => thamaphop Butkote
    [password] => big12378
    [gender] => male
    [image] => 
    [emp_status] => 
)
num:1result:1

20/06/22 00:47:55 127.0.0.1 content:{"username":"big12378","password":""}result_OBJ:Array
(
    [id_emp] => 1
    [emp_name] => thamaphop Butkote
    [password] => big12378
    [gender] => male
    [image] => 
    [emp_status] => 
)
num:1result:0

20/06/22 00:48:54 127.0.0.1 content:{"username":"","password":"big12378"}result_OBJ:num:0result:0

20/06/22 00:49:05 127.0.0.1 content:{"username":"big12378123","password":"big12378123"}result_OBJ:num:0result:0

20/06/22 00:56:10 127.0.0.1 content:{"username":"big12378","password":"big12378"}result_OBJ:Array
(
    [id_emp] => 1
    [emp_name] => thamaphop Butkote
    [password] => big12378
    [gender] => male
    [image] => 
    [emp_status] => 
)
num:1result:1

20/06/22 01:04:15 127.0.0.1 content:{"username":"big12378123","password":"big12378123"}result_OBJ:num:0result:0
