
14/05/2022 00:25:57 127.0.0.1 content: SQL:result:1

14/05/2022 00:29:53 127.0.0.1 content: SQL:result:1

14/05/2022 00:33:12 127.0.0.1 content:{
    "username":"big98",
    "password":"big98",
    "agent_name":"big98",
    "agent_tel":"012345",
    "gender":"male",
    "agent_address":"loei"
} SQL:result:1

14/05/2022 00:34:20 127.0.0.1 content: SQL:result:1

14/05/2022 00:35:21 127.0.0.1 content:{
    "username":"big98",
    "password":"big98",
    "agent_name":"big98",
    "agent_tel":"012345",
    "gender":"male",
    "agent_address":"loei"
} SQL:result:1

14/05/2022 00:35:51 127.0.0.1 content: SQL:result:1

14/05/2022 00:38:53 127.0.0.1 content:{
    "username":"big98",
    "password":"big98",
    "agent_name":"big98",
    "agent_tel":"012345",
    "gender":"male",
    "agent_address":"loei"
} SQL:result:1

14/05/2022 00:39:35 127.0.0.1 content:{
    "username":"big98",
    "password":"big98",
    "agent_name":"big98",
    "agent_tel":"012345",
    "gender":"male",
    "agent_address":"loei"
} SQL:result:1

14/05/2022 00:39:55 127.0.0.1 content:{
    "username":"big98",
    "password":"big98",
    "agent_name":"big98",
    "agent_tel":"0123456",
    "gender":"male",
    "agent_address":"loei"
} SQL:result:1

14/05/2022 00:41:23 127.0.0.1 content:{
    "username":"big987",
    "password":"big987",
    "agent_name":"big987",
    "agent_tel":"012345678",
    "gender":"male",
    "agent_address":"loei city"
},
{
     "username":"big989",
    "password":"big989",
    "agent_name":"big989",
    "agent_tel":"01234567",
    "gender":"female",
    "agent_address":"city"
} SQL:result:1

14/05/2022 00:42:39 127.0.0.1 content:{
    "username":"big987",
    "password":"big987",
    "agent_name":"big987",
    "agent_tel":"012345678",
    "gender":"male",
    "agent_address":"loei city"
}
 SQL:result:1

14/05/2022 11:04:56 127.0.0.1 content:{
    "username":"big111",
    "password":"big111",
    "agent_name":"bigsss",
    "agent_tel":"0123456789",
    "gender":"male",
    "agent_address":"loei city"
}
 SQL:result:1

14/05/2022 12:01:01 127.0.0.1 content:{
    "username":"thb123",
    "password":"thb123",
    "agent_name":"bigass",
    "agent_tel":"0123456789",
    "gender":"male",
    "agent_address":"loei city"
}
 SQL:result:1

14/05/2022 12:05:02 127.0.0.1 content:{"username":"big123","agent_name":"bigassy","agent_password":"big123","agent_tel":"0123","agent_gender":"male","agent_address":"loei"} SQL:result:1

14/05/2022 12:11:20 127.0.0.1 content:{"username":"big987","agent_name":"bob","agent_password":"big987","agent_tel":"0123","agent_gender":"male","agent_address":"loei"} SQL:result:1

14/05/2022 12:11:55 127.0.0.1 content:{"username":"big987","agent_name":"bob","agent_password":"big987","agent_tel":"0123","agent_gender":"male","agent_address":"loei"} SQL:result:1

14/05/2022 12:19:22 127.0.0.1 content:{
    "username":"big111",
    "password":"big111",
    "agent_name":"biggy",
    "agent_tel":"0123456789",
    "gender":"male",
    "agent_address":"loei city"
}
 SQL:result:1

14/05/2022 12:33:42 127.0.0.1 content:{
    "username":"big222",
    "password":"big222",
    "agent_name":"bigg",
    "agent_tel":"0123456789",
    "gender":"male",
    "agent_address":"loei city"
}
 SQL:result:1

14/05/2022 23:25:16 127.0.0.1 content:{"username":"big456","agent_name":"big456","password":"big456","agent_tel":"0123","agent_gender":"male","agent_address":"loei"} SQL:result:1

14/05/2022 23:27:16 127.0.0.1 content:{"username":"big456","agent_name":"big456","password":"big456","agent_tel":"0123","agent_gender":"male","agent_address":"loei"} SQL:result:1

14/05/2022 23:35:20 127.0.0.1 content:{"username":"big555","agent_name":"big555","password":"big555","agent_tel":"0123","agent_gender":"male","agent_address":"loei"} SQL:result:1

14/05/2022 23:37:08 127.0.0.1 content:{"username":"big666","agent_name":"big666","password":"big666","agent_tel":"0123","agent_gender":"male","agent_address":"loei"} SQL:result:1

14/05/2022 23:40:44 127.0.0.1 content:{"username":"big777","agent_name":"big777","password":"big777","agent_tel":"0123","agent_gender":"male","agent_address":"loei"} SQL:result:1

14/05/2022 23:41:43 127.0.0.1 content:{
    "username":"big42",
    "password":"big42",
    "agent_name":"biggs",
    "agent_tel":"0123456789",
    "gender":"male",
    "agent_address":"loei city"
}
 SQL:result:1

14/05/2022 23:42:45 127.0.0.1 content:{
    "username":"big424",
    "password":"big424",
    "agent_name":"biggss",
    "agent_tel":"0123456789",
    "agent_gender":"male",
    "agent_address":"loei city"
}
 SQL:result:1
