
10/10/2021 01:00:57 127.0.0.1 content: SQL:result:1

10/10/2021 01:04:06 127.0.0.1 content: SQL:result:0

10/10/2021 01:05:23 127.0.0.1 content: SQL:result:0

10/10/2021 01:09:12 127.0.0.1 content: SQL:result:0

10/10/2021 01:10:08 127.0.0.1 content:{
    "agent_id":"A12",
    "agent_name":"ธรรมภพ",
    "agent_email":"thammaphop@gmail.com",
    "agent_password":"big223",
    "agent_gender":"ชาย",
    "agent_tell":"0987345689",
    "agent_address":"Loei"
} SQL:result:1

10/10/2021 01:13:06 127.0.0.1 content:{
    "id":"A12",
    "name":"ธรรมภพ บุตรโคตร",
    "email":"thammaphop123@gmail.com",
    "password":"big129",
    "gender":"ชาย",
    "tell":"0987345689",
    "address":"Loei"
} SQL:result:0

10/10/2021 01:14:53 127.0.0.1 content:{
    "id":"A12",
    "name":"ธรรมภพ บุตรโคตร",
    "email":"thammaphop123@gmail.com",
    "password":"big129",
    "gender":"ชาย",
    "tell":"0987345689",
    "address":"Loei"
} SQL:result:0

10/10/2021 01:19:35 127.0.0.1 content:{
    "id":"A12",
    "name":"ธรรมภพ บุตรโคตร",
    "email":"thammaphop123@gmail.com",
    "password":"big129",
    "gender":"ชาย",
    "tell":"0987345689",
    "address":"Loei"
} SQL:result:0

10/10/2021 01:32:04 127.0.0.1 content:{
    "agent_id":"A12",
    "agent_name":"ธรรมภพ บุตรโคตร",
    "agent_email":"thammaphop123@gmail.com",
    "agent_password":"big129",
    "agent_gender":"ชาย",
    "agent_tell":"0987345689",
    "agent_address":"Loei"
} SQL:result:0

10/10/2021 01:32:55 127.0.0.1 content:{
    "agent_id":"A12",
    "agent_name":"Thammaphop Butkote",
    "agent_email":"thammaphop123@gmail.com",
    "agent_password":"big129",
    "agent_gender":"ชาย",
    "agent_tell":"0987345689",
    "agent_address":"Loei"
} SQL:result:0

10/10/2021 01:33:17 127.0.0.1 content:{
    "agent_id":"A12",
    "agent_name":"Thammaphop Butkote",
    "agent_email":"thammaphop123@gmail.com",
    "agent_password":"big129",
    "agent_gender":"Male",
    "agent_tell":"0987345689",
    "agent_address":"Loei"
} SQL:result:0

10/10/2021 01:33:52 127.0.0.1 content:{
    "agent_id":"A12",
    "agent_name":"Thammaphop Butkote",
    "agent_email":"thammaphop123@gmail.com",
    "agent_password":"big129",
    "agent_gender":"Male",
    "agent_tell":"0987345689",
    "agent_address":"Loei"
} SQL:result:0

10/10/2021 01:34:29 127.0.0.1 content: SQL:result:0

10/10/2021 01:37:48 127.0.0.1 content:{
    "agent_id":"A12",
    "agent_name":"Thammaphop Butkote",
    "agent_email":"thammaphop123@gmail.com",
    "agent_password":"big129",
    "agent_gender":"Male",
    "agent_tell":"0987345689",
    "agent_address":"Loei"
} SQL:result:0

10/10/2021 01:37:51 127.0.0.1 content: SQL:result:0

10/10/2021 01:39:27 127.0.0.1 content: SQL:result:0

10/10/2021 01:42:53 127.0.0.1 content:{
    "agent_id":"A12",
    "agent_name":"Thammaphop Butkote",
    "agent_email":"thammaphop123@gmail.com",
    "agent_password":"big129",
    "agent_gender":"Male",
    "agent_tell":"0987345689",
    "agent_address":"Loei"
} SQL:result:0

10/10/2021 01:43:27 127.0.0.1 content: SQL:result:0

10/10/2021 02:34:01 127.0.0.1 content:{
    "agent_id":"A12",
    "agent_name":"Thammaphop Butkote",
    "agent_email":"thammaphop123@gmail.com",
    "agent_password":"big129",
    "agent_gender":"Male",
    "agent_tell":"0987345689",
    "agent_address":"Loei"
} SQL:result:0

10/10/2021 02:34:12 127.0.0.1 content: SQL:result:0

10/10/2021 02:51:07 127.0.0.1 content: SQL:result:0

10/10/2021 02:51:13 127.0.0.1 content:{
    "agent_id":"A12",
    "agent_name":"Thammaphop Butkote",
    "agent_email":"thammaphop123@gmail.com",
    "agent_password":"big129",
    "agent_gender":"Male",
    "agent_tell":"0987345689",
    "agent_address":"Loei"
} SQL:result:0
